<?xml version="1.0" encoding="UTF-8"?>
<!-- Generated by org.testng.reporters.JUnitReportReporter -->
<testsuite hostname="DESKTOP-FJI5VAO" name="MyRunner.TestRunner" tests="1" failures="0" timestamp="23 Feb 2020 15:26:53 GMT" time="29.153" errors="0">
  <testcase name="feature" time="29.153" classname="MyRunner.TestRunner"/>
</testsuite> <!-- MyRunner.TestRunner -->
